type:InnoDB last_name: Status:
=====================================
2019-07-28 14:06:34 1c1c INNODB MONITOR OUTPUT
=====================================
Per second averages calculated from the last 11 seconds
-----------------
BACKGROUND THREAD
-----------------
srv_master_thread loops: 1683 srv_active, 0 srv_shutdown, 9815 srv_idle
srv_master_thread log flush and writes: 11498
----------
SEMAPHORES
----------
OS WAIT ARRAY INFO: reservation count 495
OS WAIT ARRAY INFO: signal count 495
Mutex spin waits 1031, rounds 15745, OS waits 227
RW-shared spins 230, rounds 6900, OS waits 230
RW-excl spins 0, rounds 810, OS waits 27
Spin rounds per wait: 15.27 mutex, 30.00 RW-shared, 810.00 RW-excl
------------
TRANSACTIONS
------------
Trx id counter 2392155
Purge done for trx's n:o < 2259553 undo n:o < 0 state: running but idle
History list length 480
LIST OF TRANSACTIONS FOR EACH SESSION:
---TRANSACTION 0, not started
MySQL thread id 10, OS thread handle 0x1c1c, query id 2000167 localhost ::1 root init
show engine innodb status
---TRANSACTION 0, not started
MySQL thread id 2, OS thread handle 0x1854, query id 2000156 localhost ::1 root cleaning up
---TRANSACTION 0, not started
MySQL thread id 3, OS thread handle 0xea0, query id 2000016 localhost ::1 root cleaning up
--------
FILE I/O
--------
I/O thread 0 state: wait Windows aio (insert buffer thread)
I/O thread 1 state: wait Windows aio (log thread)
I/O thread 2 state: wait Windows aio (read thread)
I/O thread 3 state: wait Windows aio (read thread)
I/O thread 4 state: wait Windows aio (read thread)
I/O thread 5 state: wait Windows aio (read thread)
I/O thread 6 state: wait Windows aio (write thread)
I/O thread 7 state: wait Windows aio (write thread)
I/O thread 8 state: wait Windows aio (write thread)
I/O thread 9 state: wait Windows aio (write thread)
Pending normal aio reads: 0 [0, 0, 0, 0] , aio writes: 0 [0, 0, 0, 0] ,
 ibuf aio reads: 0, log i/o's: 0, sync i/o's: 0
Pending flushes (fsync) log: 0; buffer pool: 0
521 OS file reads, 1009332 OS file writes, 1003584 OS fsyncs
0.00 reads/s, 0 avg bytes/read, 0.00 writes/s, 0.00 fsyncs/s
-------------------------------------
INSERT BUFFER AND ADAPTIVE HASH INDEX
-------------------------------------
Ibuf: size 1, free list len 0, seg size 2, 0 merges
merged operations:
 insert 0, delete mark 0, delete 0
discarded operations:
 insert 0, delete mark 0, delete 0
Hash table size 276707, node heap has 1 buffer(s)
0.00 hash searches/s, 0.00 non-hash searches/s
---
LOG
---
Log sequence number 357727716
Log flushed up to   357727716
Pages flushed up to 357727716
Last checkpoint at  357727716
0 pending log writes, 0 pending chkp writes
1000444 log i/o's done, 0.00 log i/o's/second
----------------------
BUFFER POOL AND MEMORY
----------------------
Total memory allocated 137428992; in additional pool allocated 0
Dictionary memory allocated 60281
Buffer pool size   8192
Free buffers       3052
Database pages     5139
Old database pages 1877
Modified db pages  0
Pending reads 0
Pending writes: LRU 0, flush list 0, single page 0
Pages made young 0, not young 0
0.00 youngs/s, 0.00 non-youngs/s
Pages read 505, created 4634, written 7276
0.00 reads/s, 0.00 creates/s, 0.00 writes/s
No buffer pool page gets since the last printout
Pages read ahead 0.00/s, evicted without access 0.00/s, Random read ahead 0.00/s
LRU len: 5139, unzip_LRU len: 0
I/O sum[0]:cur[0], unzip sum[0]:cur[0]
--------------
ROW OPERATIONS
--------------
0 queries inside InnoDB, 0 queries in queue
0 read views open inside InnoDB
Main thread id 6576, state: sleeping
Number of rows inserted 1000000, updated 0, deleted 0, read 0
0.00 inserts/s, 0.00 updates/s, 0.00 deletes/s, 0.00 reads/s
----------------------------
END OF INNODB MONITOR OUTPUT
============================

time: 0.0009999275207519531
共查找出 1 条数据
